This is pdfTeX, Version 3.1415926-1.40.10 (TeX Live 2009/Debian) (format=pdflatex 2011.5.23)  19 JUN 2011 11:55
entering extended mode
 %&-line parsing enabled.
**cheatSheet.tex
(./cheatSheet.tex
LaTeX2e <2009/09/24>
Babel <v3.8l> and hyphenation patterns for english, usenglishmax, dumylang, noh
yphenation, bulgarian, ukrainian, russian, pinyin, loaded.
(/usr/share/texmf-texlive/tex/latex/base/article.cls
Document Class: article 2007/10/19 v1.4h Standard LaTeX document class
(/usr/share/texmf-texlive/tex/latex/base/size12.clo
File: size12.clo 2007/10/19 v1.4h Standard LaTeX file (size option)
)
\c@part=\count79
\c@section=\count80
\c@subsection=\count81
\c@subsubsection=\count82
\c@paragraph=\count83
\c@subparagraph=\count84
\c@figure=\count85
\c@table=\count86
\abovecaptionskip=\skip41
\belowcaptionskip=\skip42
\bibindent=\dimen102
)
(/usr/share/texmf-texlive/tex/latex/amsmath/amsmath.sty
Package: amsmath 2000/07/18 v2.13 AMS math features
\@mathmargin=\skip43

For additional information on amsmath, use the `?' option.
(/usr/share/texmf-texlive/tex/latex/amsmath/amstext.sty
Package: amstext 2000/06/29 v2.01

(/usr/share/texmf-texlive/tex/latex/amsmath/amsgen.sty
File: amsgen.sty 1999/11/30 v2.0
\@emptytoks=\toks14
\ex@=\dimen103
))
(/usr/share/texmf-texlive/tex/latex/amsmath/amsbsy.sty
Package: amsbsy 1999/11/29 v1.2d
\pmbraise@=\dimen104
)
(/usr/share/texmf-texlive/tex/latex/amsmath/amsopn.sty
Package: amsopn 1999/12/14 v2.01 operator names
)
\inf@bad=\count87
LaTeX Info: Redefining \frac on input line 211.
\uproot@=\count88
\leftroot@=\count89
LaTeX Info: Redefining \overline on input line 307.
\classnum@=\count90
\DOTSCASE@=\count91
LaTeX Info: Redefining \ldots on input line 379.
LaTeX Info: Redefining \dots on input line 382.
LaTeX Info: Redefining \cdots on input line 467.
\Mathstrutbox@=\box26
\strutbox@=\box27
\big@size=\dimen105
LaTeX Font Info:    Redeclaring font encoding OML on input line 567.
LaTeX Font Info:    Redeclaring font encoding OMS on input line 568.
\macc@depth=\count92
\c@MaxMatrixCols=\count93
\dotsspace@=\muskip10
\c@parentequation=\count94
\dspbrk@lvl=\count95
\tag@help=\toks15
\row@=\count96
\column@=\count97
\maxfields@=\count98
\andhelp@=\toks16
\eqnshift@=\dimen106
\alignsep@=\dimen107
\tagshift@=\dimen108
\tagwidth@=\dimen109
\totwidth@=\dimen110
\lineht@=\dimen111
\@envbody=\toks17
\multlinegap=\skip44
\multlinetaggap=\skip45
\mathdisplay@stack=\toks18
LaTeX Info: Redefining \[ on input line 2666.
LaTeX Info: Redefining \] on input line 2667.
)
(/usr/share/texmf-texlive/tex/latex/amsfonts/amssymb.sty
Package: amssymb 2009/06/22 v3.00

(/usr/share/texmf-texlive/tex/latex/amsfonts/amsfonts.sty
Package: amsfonts 2009/06/22 v3.00 Basic AMSFonts support
\symAMSa=\mathgroup4
\symAMSb=\mathgroup5
LaTeX Font Info:    Overwriting math alphabet `\mathfrak' in version `bold'
(Font)                  U/euf/m/n --> U/euf/b/n on input line 96.
))
(/usr/share/texmf-texlive/tex/latex/amscls/amsthm.sty
Package: amsthm 2004/08/06 v2.20
\thm@style=\toks19
\thm@bodyfont=\toks20
\thm@headfont=\toks21
\thm@notefont=\toks22
\thm@headpunct=\toks23
\thm@preskip=\skip46
\thm@postskip=\skip47
\thm@headsep=\skip48
\dth@everypar=\toks24
)
(/usr/share/texmf-texlive/tex/latex/graphics/graphicx.sty
Package: graphicx 1999/02/16 v1.0f Enhanced LaTeX Graphics (DPC,SPQR)

(/usr/share/texmf-texlive/tex/latex/graphics/keyval.sty
Package: keyval 1999/03/16 v1.13 key=value parser (DPC)
\KV@toks@=\toks25
)
(/usr/share/texmf-texlive/tex/latex/graphics/graphics.sty
Package: graphics 2009/02/05 v1.0o Standard LaTeX Graphics (DPC,SPQR)

(/usr/share/texmf-texlive/tex/latex/graphics/trig.sty
Package: trig 1999/03/16 v1.09 sin cos tan (DPC)
)
(/etc/texmf/tex/latex/config/graphics.cfg
File: graphics.cfg 2009/08/28 v1.8 graphics configuration of TeX Live
)
Package graphics Info: Driver file: pdftex.def on input line 91.

(/usr/share/texmf-texlive/tex/latex/pdftex-def/pdftex.def
File: pdftex.def 2010/03/12 v0.04p Graphics/color for pdfTeX
\Gread@gobject=\count99
))
\Gin@req@height=\dimen112
\Gin@req@width=\dimen113
)
(/usr/share/texmf-texlive/tex/latex/graphics/color.sty
Package: color 2005/11/14 v1.0j Standard LaTeX Color (DPC)

(/etc/texmf/tex/latex/config/color.cfg
File: color.cfg 2007/01/18 v1.5 color configuration of teTeX/TeXLive
)
Package color Info: Driver file: pdftex.def on input line 130.
)
(/usr/share/texmf-texlive/tex/latex/cite/cite.sty
LaTeX Info: Redefining \cite on input line 285.
LaTeX Info: Redefining \nocite on input line 356.
Package: cite 2009/08/29  v 5.2
)
(/usr/share/texmf-texlive/tex/latex/ltxmisc/ulem.sty
\UL@box=\box28
\UL@hyphenbox=\box29
\UL@skip=\skip49
\UL@hook=\toks26
\UL@pe=\count100
\UL@pixel=\dimen114
\ULC@box=\box30
Package: ulem 2000/05/26
\ULdepth=\dimen115
)
(/usr/share/texmf-texlive/tex/latex/pstricks/pstricks.sty
Package: pstricks 2008/11/26 v0.40 LaTeX wrapper for `PSTricks' (RN,HV)

(/usr/share/texmf-texlive/tex/generic/pstricks/pstricks.tex
`PSTricks' v1.29  <2009/05/19> (tvz)
\pst@dima=\dimen116
\pst@dimb=\dimen117
\pst@dimc=\dimen118
\pst@dimd=\dimen119
\pst@dimg=\dimen120
\pst@dimh=\dimen121
\pst@hbox=\box31
\pst@boxg=\box32
\pst@cnta=\count101
\pst@cntb=\count102
\pst@cntc=\count103
\pst@cntd=\count104
\pst@cntg=\count105
\pst@cnth=\count106
\pst@toks=\toks27
(/usr/share/texmf-texlive/tex/generic/pstricks/pstricks.con)
\psunit=\dimen122
\psxunit=\dimen123
\psyunit=\dimen124
\pslinewidth=\dimen125
\pst@customdefs=\toks28
\pslinearc=\dimen126
\everypsbox=\toks29
\psframesep=\dimen127
\pslabelsep=\dimen128
\pst@shift=\dimen129
\theoverlaybox=\box33
)
File: pstricks.tex 2009/05/19 v1.29 `PSTricks' (tvz,hv)

(/usr/share/texmf/tex/latex/xcolor/xcolor.sty
Package: xcolor 2007/01/21 v2.11 LaTeX color extensions (UK)

(/etc/texmf/tex/latex/config/color.cfg
File: color.cfg 2007/01/18 v1.5 color configuration of teTeX/TeXLive
)
Package xcolor Info: Driver file: pdftex.def on input line 225.
LaTeX Info: Redefining \color on input line 702.
Package xcolor Info: Model `cmy' substituted by `cmy0' on input line 1337.
Package xcolor Info: Model `hsb' substituted by `rgb' on input line 1341.
Package xcolor Info: Model `RGB' extended on input line 1353.
Package xcolor Info: Model `HTML' substituted by `rgb' on input line 1355.
Package xcolor Info: Model `Hsb' substituted by `hsb' on input line 1356.
Package xcolor Info: Model `tHsb' substituted by `hsb' on input line 1357.
Package xcolor Info: Model `HSB' substituted by `hsb' on input line 1358.
Package xcolor Info: Model `Gray' substituted by `gray' on input line 1359.
Package xcolor Info: Model `wave' substituted by `hsb' on input line 1360.
))
(/usr/share/texmf-texlive/tex/latex/pstricks/pst-node.sty
Package: pst-node 2006/01/01 package wrapper for pst-node.tex

(/usr/share/texmf-texlive/tex/generic/pstricks/pst-node.tex  v1.01, 2008/11/26
\psrow=\count107
\pscol=\count108
\psmatrixcnt=\count109
\psrowsep=\skip50
\pscolsep=\skip51
)
File: pst-node.tex 2008/11/26 1.01 `pst-node' (tvz)
) (./cheatSheet.aux)
\openout1 = `cheatSheet.aux'.

LaTeX Font Info:    Checking defaults for OML/cmm/m/it on input line 24.
LaTeX Font Info:    ... okay on input line 24.
LaTeX Font Info:    Checking defaults for T1/cmr/m/n on input line 24.
LaTeX Font Info:    ... okay on input line 24.
LaTeX Font Info:    Checking defaults for OT1/cmr/m/n on input line 24.
LaTeX Font Info:    ... okay on input line 24.
LaTeX Font Info:    Checking defaults for OMS/cmsy/m/n on input line 24.
LaTeX Font Info:    ... okay on input line 24.
LaTeX Font Info:    Checking defaults for OMX/cmex/m/n on input line 24.
LaTeX Font Info:    ... okay on input line 24.
LaTeX Font Info:    Checking defaults for U/cmr/m/n on input line 24.
LaTeX Font Info:    ... okay on input line 24.
 (/usr/share/texmf/tex/context/base/supp-pdf.mkii
[Loading MPS to PDF converter (version 2006.09.02).]
\scratchcounter=\count110
\scratchdimen=\dimen130
\scratchbox=\box34
\nofMPsegments=\count111
\nofMParguments=\count112
\everyMPshowfont=\toks30
\MPscratchCnt=\count113
\MPscratchDim=\dimen131
\MPnumerator=\count114
\everyMPtoPDFconversion=\toks31
) <Keys/key_V.png, id=1, 34.1275pt x 34.1275pt>
File: Keys/key_V.png Graphic file (type png)
 <use Keys/key_V.png>
<Keys/key_I.png, id=3, 34.1275pt x 34.1275pt>
File: Keys/key_I.png Graphic file (type png)
 <use Keys/key_I.png>
<Keys/key_M.png, id=4, 34.1275pt x 34.1275pt>
File: Keys/key_M.png Graphic file (type png)
 <use Keys/key_M.png>
<Keys/key_underscore.png, id=5, 34.1275pt x 34.1275pt>
File: Keys/key_underscore.png Graphic file (type png)

<use Keys/key_underscore.png> <Keys/key_T.png, id=6, 34.1275pt x 34.1275pt>
File: Keys/key_T.png Graphic file (type png)

<use Keys/key_T.png> <Keys/key_U.png, id=7, 34.1275pt x 34.1275pt>
File: Keys/key_U.png Graphic file (type png)

<use Keys/key_U.png>
File: Keys/key_T.png Graphic file (type png)
 <use Keys/key_T.png>
<Keys/key_O.png, id=8, 34.1275pt x 34.1275pt>
File: Keys/key_O.png Graphic file (type png)
 <use Keys/key_O.png>
<Keys/key_R.png, id=9, 34.1275pt x 34.1275pt>
File: Keys/key_R.png Graphic file (type png)
 <use Keys/key_R.png>
File: Keys/key_I.png Graphic file (type png)

<use Keys/key_I.png> <Keys/key_A.png, id=10, 34.1275pt x 34.1275pt>
File: Keys/key_A.png Graphic file (type png)

<use Keys/key_A.png> <Keys/key_L.png, id=11, 34.1275pt x 34.1275pt>
File: Keys/key_L.png Graphic file (type png)

<use Keys/key_L.png>
LaTeX Font Info:    Try loading font information for U+msa on input line 46.
 (/usr/share/texmf-texlive/tex/latex/amsfonts/umsa.fd
File: umsa.fd 2009/06/22 v3.00 AMS symbols A
)
LaTeX Font Info:    Try loading font information for U+msb on input line 46.

(/usr/share/texmf-texlive/tex/latex/amsfonts/umsb.fd
File: umsb.fd 2009/06/22 v3.00 AMS symbols B
)
LaTeX Font Info:    Try loading font information for OMS+cmr on input line 102.


(/usr/share/texmf-texlive/tex/latex/base/omscmr.fd
File: omscmr.fd 1999/05/25 v2.5h Standard LaTeX font definitions
)
LaTeX Font Info:    Font shape `OMS/cmr/m/it' in size <12> not available
(Font)              Font shape `OMS/cmsy/m/n' tried instead on input line 102.

! Illegal parameter number in definition of \reserved@a.
<to be read again> 
                   }
l.116    \texttt{g#}
                     & \texttt{#}& \texttt{N}& \large{\textbf{MOVE}} & \text...

? 
! You can't use `macro parameter character #' in restricted horizontal mode.
<argument> g##
              
l.116    \texttt{g#}
                     & \texttt{#}& \texttt{N}& \large{\textbf{MOVE}} & \text...

? 
! Illegal parameter number in definition of \reserved@a.
<to be read again> 
                   }
l.116    \texttt{g#} & \texttt{#}
                                 & \texttt{N}& \large{\textbf{MOVE}} & \text...

? 
! Illegal parameter number in definition of \reserved@b.
<to be read again> 
                   }
l.116    \texttt{g#} & \texttt{#}
                                 & \texttt{N}& \large{\textbf{MOVE}} & \text...

? 
! You can't use `macro parameter character #' in restricted horizontal mode.
<recently read> ##
                  
l.116    \texttt{g#} & \texttt{#}
                                 & \texttt{N}& \large{\textbf{MOVE}} & \text...

? 

Overfull \hbox (128.38707pt too wide) in paragraph at lines 115--119
 [] 
 []

[1
Non-PDF special ignored!
Non-PDF special ignored!
Non-PDF special ignored!
Non-PDF special ignored!

{/var/lib/texmf/fonts/map/pdftex/updmap/pdftex.map} <./Keys/key_V.png> <./Keys/
key_I.png> <./Keys/key_M.png> <./Keys/key_underscore.png> <./Keys/key_T.png> <.
/Keys/key_U.png> <./Keys/key_O.png> <./Keys/key_R.png> <./Keys/key_A.png> <./Ke
ys/key_L.png>] (./cheatSheet.aux) ) 
Here is how much of TeX's memory you used:
 3925 strings out of 494808
 45256 string characters out of 1178172
 126297 words of memory out of 3000000
 7068 multiletter control sequences out of 15000+50000
 9512 words of font info for 37 fonts, out of 3000000 for 9000
 212 hyphenation exceptions out of 8191
 30i,11n,37p,226b,236s stack positions out of 5000i,500n,10000p,200000b,50000s
</usr/share/texmf-texlive/fonts/type1/public
/amsfonts/cm/cmbx12.pfb></usr/share/texmf-texlive/fonts/type1/public/amsfonts/c
m/cmr12.pfb></usr/share/texmf-texlive/fonts/type1/public/amsfonts/cm/cmr8.pfb><
/usr/share/texmf-texlive/fonts/type1/public/amsfonts/cm/cmsy10.pfb></usr/share/
texmf-texlive/fonts/type1/public/amsfonts/cm/cmti12.pfb></usr/share/texmf-texli
ve/fonts/type1/public/amsfonts/cm/cmtt12.pfb>
Output written on cheatSheet.pdf (1 page, 75217 bytes).
PDF statistics:
 51 PDF objects out of 1000 (max. 8388607)
 0 named destinations out of 1000 (max. 500000)
 51 words of extra memory for PDF output out of 10000 (max. 10000000)

